# JRE version: OpenJDK Runtime Environment (17.0.9) (build 17.0.9+0--11185874)
# Java VM: OpenJDK 64-Bit Server VM (17.0.9+0--11185874, mixed mode, tiered, compressed oops, compressed class ptrs, g1 gc, windows-amd64)
GC Precious Log:
 CPUs: 12 total, 12 available
 Memory: 7832M
 Large Page Support: Disabled
 NUMA Support: Disabled
 Compressed Oops: Enabled (32-bit)
 Heap Region Size: 1M
 Heap Min Capacity: 8M
 Heap Initial Capacity: 124M
 Heap Max Capacity: 2G
 Pre-touch: Disabled
 Parallel Workers: 10
 Concurrent Workers: 3
 Concurrent Refinement Workers: 10
 Periodic GC: Disabled
Heap:
 garbage-first heap   total 236544K, used 135636K [0x0000000080000000, 0x0000000100000000)
  region size 1024K, 18 young (18432K), 1 survivors (1024K)
 Metaspace       used 109965K, committed 110784K, reserved 1179648K
  class space    used 15247K, committed 15680K, reserved 1048576K
GC Heap History (20 events):
Event: 11.674 GC heap before
{Heap before GC invocations=44 (full 0):
 garbage-first heap   total 168960K, used 92414K [0x0000000080000000, 0x0000000100000000)
  region size 1024K, 8 young (8192K), 5 survivors (5120K)
 Metaspace       used 93383K, committed 94144K, reserved 1179648K
  class space    used 13093K, committed 13440K, reserved 1048576K
}
Event: 11.679 GC heap after
{Heap after GC invocations=45 (full 0):
 garbage-first heap   total 168960K, used 89750K [0x0000000080000000, 0x0000000100000000)
  region size 1024K, 1 young (1024K), 1 survivors (1024K)
 Metaspace       used 93383K, committed 94144K, reserved 1179648K
  class space    used 13093K, committed 13440K, reserved 1048576K
}
Event: 12.306 GC heap before
{Heap before GC invocations=45 (full 0):
 garbage-first heap   total 168960K, used 140950K [0x0000000080000000, 0x0000000100000000)
  region size 1024K, 51 young (52224K), 1 survivors (1024K)
 Metaspace       used 97484K, committed 98240K, reserved 1179648K
  class space    used 13627K, committed 13952K, reserved 1048576K
}
Event: 12.310 GC heap after
{Heap after GC invocations=46 (full 0):
 garbage-first heap   total 168960K, used 92604K [0x0000000080000000, 0x0000000100000000)
  region size 1024K, 4 young (4096K), 4 survivors (4096K)
 Metaspace       used 97484K, committed 98240K, reserved 1179648K
  class space    used 13627K, committed 13952K, reserved 1048576K
}
Event: 12.830 GC heap before
{Heap before GC invocations=47 (full 0):
 garbage-first heap   total 168960K, used 139708K [0x0000000080000000, 0x0000000100000000)
  region size 1024K, 51 young (52224K), 4 survivors (4096K)
 Metaspace       used 99425K, committed 100224K, reserved 1179648K
  class space    used 14050K, committed 14464K, reserved 1048576K
}
Event: 12.836 GC heap after
{Heap after GC invocations=48 (full 0):
 garbage-first heap   total 168960K, used 98585K [0x0000000080000000, 0x0000000100000000)
  region size 1024K, 7 young (7168K), 7 survivors (7168K)
 Metaspace       used 99425K, committed 100224K, reserved 1179648K
  class space    used 14050K, committed 14464K, reserved 1048576K
}
Event: 12.839 GC heap before
{Heap before GC invocations=48 (full 0):
 garbage-first heap   total 168960K, used 99609K [0x0000000080000000, 0x0000000100000000)
  region size 1024K, 8 young (8192K), 7 survivors (7168K)
 Metaspace       used 99428K, committed 100224K, reserved 1179648K
  class space    used 14050K, committed 14464K, reserved 1048576K
}
Event: 12.844 GC heap after
{Heap after GC invocations=49 (full 0):
 garbage-first heap   total 236544K, used 99130K [0x0000000080000000, 0x0000000100000000)
  region size 1024K, 1 young (1024K), 1 survivors (1024K)
 Metaspace       used 99428K, committed 100224K, reserved 1179648K
  class space    used 14050K, committed 14464K, reserved 1048576K
}
Event: 13.520 GC heap before
{Heap before GC invocations=49 (full 0):
 garbage-first heap   total 236544K, used 198458K [0x0000000080000000, 0x0000000100000000)
  region size 1024K, 94 young (96256K), 1 survivors (1024K)
 Metaspace       used 102685K, committed 103488K, reserved 1179648K
  class space    used 14319K, committed 14720K, reserved 1048576K
}
Event: 13.524 GC heap after
{Heap after GC invocations=50 (full 0):
 garbage-first heap   total 236544K, used 105410K [0x0000000080000000, 0x0000000100000000)
  region size 1024K, 8 young (8192K), 8 survivors (8192K)
 Metaspace       used 102685K, committed 103488K, reserved 1179648K
  class space    used 14319K, committed 14720K, reserved 1048576K
}
Event: 14.047 GC heap before
{Heap before GC invocations=50 (full 0):
 garbage-first heap   total 236544K, used 184258K [0x0000000080000000, 0x0000000100000000)
  region size 1024K, 86 young (88064K), 8 survivors (8192K)
 Metaspace       used 103868K, committed 104640K, reserved 1179648K
  class space    used 14467K, committed 14848K, reserved 1048576K
}
Event: 14.053 GC heap after
{Heap after GC invocations=51 (full 0):
 garbage-first heap   total 236544K, used 111262K [0x0000000080000000, 0x0000000100000000)
  region size 1024K, 8 young (8192K), 8 survivors (8192K)
 Metaspace       used 103868K, committed 104640K, reserved 1179648K
  class space    used 14467K, committed 14848K, reserved 1048576K
}
Event: 16.646 GC heap before
{Heap before GC invocations=51 (full 0):
 garbage-first heap   total 236544K, used 187038K [0x0000000080000000, 0x0000000100000000)
  region size 1024K, 83 young (84992K), 8 survivors (8192K)
 Metaspace       used 105578K, committed 106368K, reserved 1179648K
  class space    used 14679K, committed 15040K, reserved 1048576K
}
Event: 16.654 GC heap after
{Heap after GC invocations=52 (full 0):
 garbage-first heap   total 236544K, used 118788K [0x0000000080000000, 0x0000000100000000)
  region size 1024K, 10 young (10240K), 10 survivors (10240K)
 Metaspace       used 105578K, committed 106368K, reserved 1179648K
  class space    used 14679K, committed 15040K, reserved 1048576K
}
Event: 17.289 GC heap before
{Heap before GC invocations=52 (full 0):
 garbage-first heap   total 236544K, used 188420K [0x0000000080000000, 0x0000000100000000)
  region size 1024K, 79 young (80896K), 10 survivors (10240K)
 Metaspace       used 107248K, committed 108096K, reserved 1179648K
  class space    used 14867K, committed 15296K, reserved 1048576K
}
Event: 17.295 GC heap after
{Heap after GC invocations=53 (full 0):
 garbage-first heap   total 236544K, used 121113K [0x0000000080000000, 0x0000000100000000)
  region size 1024K, 6 young (6144K), 6 survivors (6144K)
 Metaspace       used 107248K, committed 108096K, reserved 1179648K
  class space    used 14867K, committed 15296K, reserved 1048576K
}
Event: 18.033 GC heap before
{Heap before GC invocations=54 (full 0):
 garbage-first heap   total 236544K, used 225561K [0x0000000080000000, 0x0000000100000000)
  region size 1024K, 30 young (30720K), 6 survivors (6144K)
 Metaspace       used 109089K, committed 109888K, reserved 1179648K
  class space    used 15151K, committed 15552K, reserved 1048576K
}
Event: 18.039 GC heap after
{Heap after GC invocations=55 (full 0):
 garbage-first heap   total 236544K, used 120669K [0x0000000080000000, 0x0000000100000000)
  region size 1024K, 6 young (6144K), 6 survivors (6144K)
 Metaspace       used 109089K, committed 109888K, reserved 1179648K
  class space    used 15151K, committed 15552K, reserved 1048576K
}
Event: 191.573 GC heap before
{Heap before GC invocations=55 (full 0):
 garbage-first heap   total 236544K, used 124765K [0x0000000080000000, 0x0000000100000000)
  region size 1024K, 11 young (11264K), 6 survivors (6144K)
 Metaspace       used 109303K, committed 110144K, reserved 1179648K
  class space    used 15175K, committed 15616K, reserved 1048576K
}
Event: 191.579 GC heap after
{Heap after GC invocations=56 (full 0):
 garbage-first heap   total 236544K, used 119252K [0x0000000080000000, 0x0000000100000000)
  region size 1024K, 1 young (1024K), 1 survivors (1024K)
 Metaspace       used 109303K, committed 110144K, reserved 1179648K
  class space    used 15175K, committed 15616K, reserved 1048576K
}

